# Timestep     No_Moles     No_Specs     C2	H2O2	
100         40          2	 30	 10	
# Timestep     No_Moles     No_Specs     C2	H2O2	
200         40          2	 30	 10	
# Timestep     No_Moles     No_Specs     C2	H2O2	
300         40          2	 30	 10	
# Timestep     No_Moles     No_Specs     C2	H2O2	
400         40          2	 30	 10	
# Timestep     No_Moles     No_Specs     C2	H2O2	
500         40          2	 30	 10	
# Timestep     No_Moles     No_Specs     C2	H2O2	
600         40          2	 30	 10	
# Timestep     No_Moles     No_Specs     C2	H2O2	C3	C	
700         40          4	 28	 10	 1	 1	
# Timestep     No_Moles     No_Specs     C2	H2O2	C3	C	
800         40          4	 28	 10	 1	 1	
# Timestep     No_Moles     No_Specs     C2	H2O2	C3	C	
900         40          4	 28	 10	 1	 1	
# Timestep     No_Moles     No_Specs     C2	H2O2	C3	C	
1000         40          4	 28	 10	 1	 1	
# Timestep     No_Moles     No_Specs     C2	H2O2	C3	C	
1100         40          4	 28	 10	 1	 1	
# Timestep     No_Moles     No_Specs     C2	H2O2	C	
1200         41          3	 29	 10	 2	
# Timestep     No_Moles     No_Specs     C2	H2O2	C	
1300         41          3	 29	 10	 2	
# Timestep     No_Moles     No_Specs     C2	H2O2	C	
1400         41          3	 29	 10	 2	
# Timestep     No_Moles     No_Specs     C2	H2O2	C	
1500         41          3	 29	 10	 2	
# Timestep     No_Moles     No_Specs     C2	H2O2	C	
1600         41          3	 29	 10	 2	
# Timestep     No_Moles     No_Specs     C2	H2O2	C	
1700         41          3	 29	 10	 2	
# Timestep     No_Moles     No_Specs     C2	H2O2	C	
1800         41          3	 29	 10	 2	
# Timestep     No_Moles     No_Specs     C2	H2O2	C	
1900         41          3	 29	 10	 2	
# Timestep     No_Moles     No_Specs     C2	H2O2	C	
2000         41          3	 29	 10	 2	
# Timestep     No_Moles     No_Specs     C2	H2O2	C	
2100         41          3	 29	 10	 2	
# Timestep     No_Moles     No_Specs     C2	H2O2	C	
2200         41          3	 29	 10	 2	
# Timestep     No_Moles     No_Specs     C2	H2O2	C	
2300         41          3	 29	 10	 2	
# Timestep     No_Moles     No_Specs     C2	H2O2	C	
2400         41          3	 29	 10	 2	
# Timestep     No_Moles     No_Specs     C2	H2O2	C	
2500         41          3	 29	 10	 2	
# Timestep     No_Moles     No_Specs     C2	H2O2	C	
2600         41          3	 29	 10	 2	
# Timestep     No_Moles     No_Specs     C2	H2O2	C	
2700         41          3	 29	 10	 2	
# Timestep     No_Moles     No_Specs     C2	H2O2	C	
2800         41          3	 29	 10	 2	
# Timestep     No_Moles     No_Specs     C2	H2O2	C	
2900         41          3	 29	 10	 2	
# Timestep     No_Moles     No_Specs     C2	H2O2	C	
3000         41          3	 29	 10	 2	
# Timestep     No_Moles     No_Specs     C2	H2O2	C	
3100         41          3	 29	 10	 2	
# Timestep     No_Moles     No_Specs     C2	H2O2	C	
3200         41          3	 29	 10	 2	
# Timestep     No_Moles     No_Specs     C2	H2O2	C	
3300         41          3	 29	 10	 2	
# Timestep     No_Moles     No_Specs     C2	H2O2	C	
3400         41          3	 29	 10	 2	
# Timestep     No_Moles     No_Specs     C2	H2O2	C	
3500         41          3	 29	 10	 2	
# Timestep     No_Moles     No_Specs     C2	H2O2	C	
3600         41          3	 29	 10	 2	
# Timestep     No_Moles     No_Specs     C2	H2O2	C	
3700         41          3	 29	 10	 2	
# Timestep     No_Moles     No_Specs     C2	H2O2	C	
3800         41          3	 29	 10	 2	
# Timestep     No_Moles     No_Specs     C2	H2O2	C	
3900         41          3	 29	 10	 2	
# Timestep     No_Moles     No_Specs     C2	H2O2	C	
4000         41          3	 29	 10	 2	
# Timestep     No_Moles     No_Specs     C2	H2O2	C	
4100         41          3	 29	 10	 2	
# Timestep     No_Moles     No_Specs     C2	H2O2	C	
4200         41          3	 29	 10	 2	
# Timestep     No_Moles     No_Specs     C2	H2O2	C	
4300         41          3	 29	 10	 2	
# Timestep     No_Moles     No_Specs     C2	H2O2	C	
4400         41          3	 29	 10	 2	
# Timestep     No_Moles     No_Specs     C2	H2O2	C	
4500         41          3	 29	 10	 2	
# Timestep     No_Moles     No_Specs     C2	H2O2	C	
4600         41          3	 29	 10	 2	
# Timestep     No_Moles     No_Specs     C2	H2O2	C	
4700         41          3	 29	 10	 2	
# Timestep     No_Moles     No_Specs     C2	H2O2	C	
4800         41          3	 29	 10	 2	
# Timestep     No_Moles     No_Specs     C2	H2O2	C	
4900         41          3	 29	 10	 2	
# Timestep     No_Moles     No_Specs     C2	H2O2	C	
5000         41          3	 29	 10	 2	
# Timestep     No_Moles     No_Specs     C2	H2O2	C	
5100         41          3	 29	 10	 2	
# Timestep     No_Moles     No_Specs     C2	H2O2	C	
5200         41          3	 29	 10	 2	
# Timestep     No_Moles     No_Specs     C2	H2O2	C	
5300         41          3	 29	 10	 2	
# Timestep     No_Moles     No_Specs     C2	H2O2	C	
5400         41          3	 29	 10	 2	
# Timestep     No_Moles     No_Specs     C2	H2O2	C	
5500         41          3	 29	 10	 2	
# Timestep     No_Moles     No_Specs     C2	H2O2	C	
5600         41          3	 29	 10	 2	
# Timestep     No_Moles     No_Specs     C2	H2O2	C	
5700         41          3	 29	 10	 2	
# Timestep     No_Moles     No_Specs     C2	H2O2	C	
5800         41          3	 29	 10	 2	
# Timestep     No_Moles     No_Specs     C2	H2O2	C	
5900         41          3	 29	 10	 2	
# Timestep     No_Moles     No_Specs     C2	H2O2	C	
6000         41          3	 29	 10	 2	
# Timestep     No_Moles     No_Specs     C2	H2O2	C	
6100         41          3	 29	 10	 2	
# Timestep     No_Moles     No_Specs     C2	H2O2	C	
6200         41          3	 29	 10	 2	
# Timestep     No_Moles     No_Specs     C2	H2O2	C	
6300         41          3	 29	 10	 2	
# Timestep     No_Moles     No_Specs     C2	H2O2	C	
6400         41          3	 29	 10	 2	
# Timestep     No_Moles     No_Specs     C2	H2O2	C	
6500         41          3	 29	 10	 2	
# Timestep     No_Moles     No_Specs     C2	H2O2	C	
6600         41          3	 29	 10	 2	
# Timestep     No_Moles     No_Specs     C2	H2O2	C	
6700         41          3	 29	 10	 2	
# Timestep     No_Moles     No_Specs     C2	H2O2	C	
6800         41          3	 29	 10	 2	
# Timestep     No_Moles     No_Specs     C2	H2O2	C	
6900         41          3	 29	 10	 2	
# Timestep     No_Moles     No_Specs     C2	H2O2	C	
7000         41          3	 29	 10	 2	
# Timestep     No_Moles     No_Specs     C2	H2O2	C	
7100         41          3	 29	 10	 2	
# Timestep     No_Moles     No_Specs     C2	H2O2	C	
7200         41          3	 29	 10	 2	
# Timestep     No_Moles     No_Specs     C2	H2O2	C	
7300         41          3	 29	 10	 2	
# Timestep     No_Moles     No_Specs     C2	H2O2	C	
7400         41          3	 29	 10	 2	
# Timestep     No_Moles     No_Specs     C2	H2O2	C	
7500         41          3	 29	 10	 2	
# Timestep     No_Moles     No_Specs     C2	H2O2	C	
7600         41          3	 29	 10	 2	
# Timestep     No_Moles     No_Specs     C2	H2O2	C	
7700         41          3	 29	 10	 2	
# Timestep     No_Moles     No_Specs     C2	H2O2	C	
7800         41          3	 29	 10	 2	
# Timestep     No_Moles     No_Specs     C2	H2O2	C	
7900         41          3	 29	 10	 2	
# Timestep     No_Moles     No_Specs     C2	H2O2	C	
8000         41          3	 29	 10	 2	
# Timestep     No_Moles     No_Specs     C2	H2O2	C	
8100         41          3	 29	 10	 2	
# Timestep     No_Moles     No_Specs     C2	H2O2	C	
8200         41          3	 29	 10	 2	
# Timestep     No_Moles     No_Specs     C2	H2O2	C	
8300         41          3	 29	 10	 2	
# Timestep     No_Moles     No_Specs     C2	H2O2	C	
8400         41          3	 29	 10	 2	
# Timestep     No_Moles     No_Specs     C2	H2O2	C	
8500         41          3	 29	 10	 2	
# Timestep     No_Moles     No_Specs     C2	H2O2	C	
8600         41          3	 29	 10	 2	
# Timestep     No_Moles     No_Specs     C2	H2O2	C	
8700         41          3	 29	 10	 2	
# Timestep     No_Moles     No_Specs     C2	H2O2	C	
8800         41          3	 29	 10	 2	
# Timestep     No_Moles     No_Specs     C2	H2O2	C	
8900         41          3	 29	 10	 2	
# Timestep     No_Moles     No_Specs     C2	H2O2	C	
9000         41          3	 29	 10	 2	
# Timestep     No_Moles     No_Specs     C2	H2O2	C	
9100         41          3	 29	 10	 2	
# Timestep     No_Moles     No_Specs     C2	H2O2	C	
9200         41          3	 29	 10	 2	
# Timestep     No_Moles     No_Specs     C2	H2O2	C	
9300         41          3	 29	 10	 2	
# Timestep     No_Moles     No_Specs     C2	H2O2	C	
9400         41          3	 29	 10	 2	
# Timestep     No_Moles     No_Specs     C2	H2O2	C	
9500         41          3	 29	 10	 2	
# Timestep     No_Moles     No_Specs     C2	H2O2	C	
9600         41          3	 29	 10	 2	
# Timestep     No_Moles     No_Specs     C2	H2O2	C	
9700         41          3	 29	 10	 2	
# Timestep     No_Moles     No_Specs     C2	H2O2	C	
9800         41          3	 29	 10	 2	
# Timestep     No_Moles     No_Specs     C2	H2O2	C	
9900         41          3	 29	 10	 2	
# Timestep     No_Moles     No_Specs     C2	H2O2	C	
10000         41          3	 29	 10	 2	
